<?xml version="1.0" encoding="UTF-8"?>
<!-- Generated by org.testng.reporters.JUnitXMLReporter -->
<testsuite ignored="1" hostname="DESKTOP-DC5U0BQ" failures="0" tests="13" name="All classes" time="218.965" errors="0" timestamp="2023-12-05T08:44:07 IST">
  <testcase classname="Page_Object_Test.Login_Page_Test" name="TC001_Verify_Tearms_Of_Use" time="16.998"/>
  <testcase classname="Page_Object_Test.Login_Page_Test" name="TC002_Verify_Privacy_Policy" time="11.316"/>
  <testcase classname="Page_Object_Test.Login_Page_Test" name="TC003_Verify_Login_with_invalidmobileno" time="8.033"/>
  <testcase classname="Page_Object_Test.Login_Page_Test" name="TC004_Verify_Login_with_short_length_of_mobile_number" time="3.503"/>
  <testcase classname="Page_Object_Test.Login_Page_Test" name="TC005_Verify_Login_With_maxdigit_mobile_number" time="10.289"/>
  <testcase classname="Page_Object_Test.Login_Page_Test" name="TC006_Verify_Login_with_valid_credential" time="9.415"/>
  <testcase classname="Page_Object_Test.Login_Page_Test" name="TC007_Verify_Resend_Button_And_Invalid_OTP" time="60.051"/>
  <testcase classname="Page_Object_Test.Login_Page_Test" name="TC008_Login_with_Valid_OTP" time="13.689"/>
  <testcase classname="Page_Object_Test.Select_Vehicle_Page_Test" name="TC009_verify_Nick_Name" time="14.873"/>
  <testcase classname="Page_Object_Test.Select_Vehicle_Page_Test" name="TC010_Verify_With_30_letter_nick_name" time="10.179"/>
  <testcase classname="Page_Object_Test.Select_Vehicle_Page_Test" name="TC011_Verify_With_31_letter_nick_name" time="7.961"/>
  <testcase classname="Page_Object_Test.Select_Vehicle_Page_Test" name="TC012_Verify_With_29_letter_nick_name" time="17.648"/>
  <testcase classname="Page_Object_Test.Select_Vehicle_Page_Test" name="TC013_Select_Vehicle" time="26.634"/>
  <testcase classname="Utility.BaseUtility" name="@BeforeTest install_And_Open_Mobile_App" time="0.0">
    <ignored/>
  </testcase> <!-- @BeforeTest install_And_Open_Mobile_App -->
</testsuite> <!-- All classes -->
