<?xml version="1.0" encoding="UTF-8"?>
<!-- Generated by org.testng.reporters.JUnitXMLReporter -->
<testsuite ignored="0" hostname="DESKTOP-DC5U0BQ" failures="0" tests="7" name="My_Profile_Page_Test" time="286.492" errors="0" timestamp="2023-12-05T21:27:32 IST">
  <testcase classname="Page_Object_Test.My_Profile_Page_Test" name="TC028_Verify_My_Profile" time="75.684"/>
  <testcase classname="Page_Object_Test.My_Profile_Page_Test" name="TC029_verify_more_detais_button" time="24.927"/>
  <testcase classname="Page_Object_Test.My_Profile_Page_Test" name="TC030_edit_profile_button" time="22.161"/>
  <testcase classname="Page_Object_Test.My_Profile_Page_Test" name="TC031_edit_Personal_Details" time="42.555"/>
  <testcase classname="Page_Object_Test.My_Profile_Page_Test" name="TC032_change_original_Personal_Details" time="20.252"/>
  <testcase classname="Page_Object_Test.My_Profile_Page_Test" name="TC033_Manage_License" time="43.19"/>
  <testcase classname="Page_Object_Test.My_Profile_Page_Test" name="TC034_Verify_emergency_contacts" time="46.572"/>
</testsuite> <!-- My_Profile_Page_Test -->
