<?xml version="1.0" encoding="UTF-8"?>
<!-- Generated by org.testng.reporters.JUnitXMLReporter -->
<testsuite ignored="0" hostname="DESKTOP-DC5U0BQ" failures="5" tests="5" name="Select Vehicle Page" time="5.62" errors="0" timestamp="2023-12-05T08:34:37 IST">
  <testcase classname="Page_Object_Test.Select_Vehicle_Page_Test" name="TC009_verify_Nick_Name" time="0.006">
    <failure type="java.lang.NullPointerException" message="Cannot invoke &amp;quot;org.apache.logging.log4j.Logger.info(String)&amp;quot; because &amp;quot;Utility.BaseUtility.log&amp;quot; is null">
      <![CDATA[java.lang.NullPointerException: Cannot invoke "org.apache.logging.log4j.Logger.info(String)" because "Utility.BaseUtility.log" is null
at Utility.BaseUtility.Message(BaseUtility.java:229)
at Page_Object_Test.Select_Vehicle_Page_Test.TC009_verify_Nick_Name(Select_Vehicle_Page_Test.java:18)
at java.base/java.util.ArrayList.forEach(ArrayList.java:1511)
... Removed 25 stack frames]]>
    </failure>
  </testcase> <!-- TC009_verify_Nick_Name -->
  <testcase classname="Page_Object_Test.Select_Vehicle_Page_Test" name="TC010_Verify_With_30_letter_nick_name" time="0.005">
    <failure type="java.lang.NullPointerException" message="Cannot invoke &amp;quot;Page_Utility.Select_Vehicle_Page.edit_nickname_button()&amp;quot; because &amp;quot;this.ob&amp;quot; is null">
      <![CDATA[java.lang.NullPointerException: Cannot invoke "Page_Utility.Select_Vehicle_Page.edit_nickname_button()" because "this.ob" is null
at Page_Object_Test.Select_Vehicle_Page_Test.TC010_Verify_With_30_letter_nick_name(Select_Vehicle_Page_Test.java:40)
at java.base/java.util.ArrayList.forEach(ArrayList.java:1511)
... Removed 25 stack frames]]>
    </failure>
  </testcase> <!-- TC010_Verify_With_30_letter_nick_name -->
  <testcase classname="Page_Object_Test.Select_Vehicle_Page_Test" name="TC011_Verify_With_31_letter_nick_name" time="0.003">
    <failure type="java.lang.NullPointerException" message="Cannot invoke &amp;quot;Page_Utility.Select_Vehicle_Page.edit_nickname_button()&amp;quot; because &amp;quot;this.ob&amp;quot; is null">
      <![CDATA[java.lang.NullPointerException: Cannot invoke "Page_Utility.Select_Vehicle_Page.edit_nickname_button()" because "this.ob" is null
at Page_Object_Test.Select_Vehicle_Page_Test.TC011_Verify_With_31_letter_nick_name(Select_Vehicle_Page_Test.java:57)
at java.base/java.util.ArrayList.forEach(ArrayList.java:1511)
... Removed 25 stack frames]]>
    </failure>
  </testcase> <!-- TC011_Verify_With_31_letter_nick_name -->
  <testcase classname="Page_Object_Test.Select_Vehicle_Page_Test" name="TC012_Verify_With_29_letter_nick_name" time="0.004">
    <failure type="java.lang.NullPointerException" message="Cannot invoke &amp;quot;Page_Utility.Select_Vehicle_Page.edit_nickname_button()&amp;quot; because &amp;quot;this.ob&amp;quot; is null">
      <![CDATA[java.lang.NullPointerException: Cannot invoke "Page_Utility.Select_Vehicle_Page.edit_nickname_button()" because "this.ob" is null
at Page_Object_Test.Select_Vehicle_Page_Test.TC012_Verify_With_29_letter_nick_name(Select_Vehicle_Page_Test.java:75)
at java.base/java.util.ArrayList.forEach(ArrayList.java:1511)
... Removed 25 stack frames]]>
    </failure>
  </testcase> <!-- TC012_Verify_With_29_letter_nick_name -->
  <testcase classname="Page_Object_Test.Select_Vehicle_Page_Test" name="TC013_Select_Vehicle" time="0.005">
    <failure type="java.lang.NullPointerException" message="Cannot invoke &amp;quot;Page_Utility.Select_Vehicle_Page.continue_button()&amp;quot; because &amp;quot;this.ob&amp;quot; is null">
      <![CDATA[java.lang.NullPointerException: Cannot invoke "Page_Utility.Select_Vehicle_Page.continue_button()" because "this.ob" is null
at Page_Object_Test.Select_Vehicle_Page_Test.TC013_Select_Vehicle(Select_Vehicle_Page_Test.java:96)
at java.base/java.util.ArrayList.forEach(ArrayList.java:1511)
... Removed 25 stack frames]]>
    </failure>
  </testcase> <!-- TC013_Select_Vehicle -->
</testsuite> <!-- Select Vehicle Page -->
